{"C:\\Users\\rany\\Desktop\\RSreact\\src\\components\\app\\App.tsx": {"path":"C:\\Users\\rany\\Desktop\\RSreact\\src\\components\\app\\App.tsx","all":false,"statementMap":{"0":{"start":{"line":1,"column":0},"end":{"line":1,"column":49}},"1":{"start":{"line":2,"column":0},"end":{"line":2,"column":88}},"2":{"start":{"line":3,"column":0},"end":{"line":3,"column":52}},"3":{"start":{"line":4,"column":0},"end":{"line":4,"column":66}},"4":{"start":{"line":5,"column":0},"end":{"line":5,"column":0}},"5":{"start":{"line":6,"column":0},"end":{"line":6,"column":16}},"6":{"start":{"line":7,"column":0},"end":{"line":7,"column":10}},"7":{"start":{"line":8,"column":0},"end":{"line":8,"column":12}},"8":{"start":{"line":9,"column":0},"end":{"line":9,"column":12}},"9":{"start":{"line":10,"column":0},"end":{"line":10,"column":16}},"10":{"start":{"line":11,"column":0},"end":{"line":11,"column":30}},"11":{"start":{"line":12,"column":0},"end":{"line":12,"column":7}},"12":{"start":{"line":13,"column":0},"end":{"line":13,"column":14}},"13":{"start":{"line":14,"column":0},"end":{"line":14,"column":28}},"14":{"start":{"line":15,"column":0},"end":{"line":15,"column":40}},"15":{"start":{"line":16,"column":0},"end":{"line":16,"column":10}},"16":{"start":{"line":17,"column":0},"end":{"line":17,"column":14}},"17":{"start":{"line":18,"column":0},"end":{"line":18,"column":12}},"18":{"start":{"line":19,"column":0},"end":{"line":19,"column":16}},"19":{"start":{"line":20,"column":0},"end":{"line":20,"column":34}},"20":{"start":{"line":21,"column":0},"end":{"line":21,"column":8}},"21":{"start":{"line":22,"column":0},"end":{"line":22,"column":13}},"22":{"start":{"line":23,"column":0},"end":{"line":23,"column":4}},"23":{"start":{"line":24,"column":0},"end":{"line":24,"column":1}},"24":{"start":{"line":25,"column":0},"end":{"line":25,"column":0}},"25":{"start":{"line":26,"column":0},"end":{"line":26,"column":19}}},"s":{"0":1,"1":1,"2":1,"3":1,"4":1,"5":2,"6":2,"7":2,"8":2,"9":2,"10":2,"11":2,"12":2,"13":2,"14":2,"15":2,"16":2,"17":2,"18":2,"19":2,"20":2,"21":2,"22":2,"23":2,"24":1,"25":1},"branchMap":{"0":{"type":"branch","line":6,"loc":{"start":{"line":6,"column":0},"end":{"line":24,"column":1}},"locations":[{"start":{"line":6,"column":0},"end":{"line":24,"column":1}}]}},"b":{"0":[2]},"fnMap":{"0":{"name":"App","decl":{"start":{"line":6,"column":0},"end":{"line":24,"column":1}},"loc":{"start":{"line":6,"column":0},"end":{"line":24,"column":1}},"line":6}},"f":{"0":2}}
,"C:\\Users\\rany\\Desktop\\RSreact\\src\\components\\constants\\constants.tsx": {"path":"C:\\Users\\rany\\Desktop\\RSreact\\src\\components\\constants\\constants.tsx","all":false,"statementMap":{"0":{"start":{"line":1,"column":0},"end":{"line":1,"column":58}},"1":{"start":{"line":2,"column":0},"end":{"line":2,"column":39}},"2":{"start":{"line":3,"column":0},"end":{"line":3,"column":27}}},"s":{"0":1,"1":1,"2":1},"branchMap":{},"b":{},"fnMap":{},"f":{}}
,"C:\\Users\\rany\\Desktop\\RSreact\\src\\components\\contexts\\beer-context.tsx": {"path":"C:\\Users\\rany\\Desktop\\RSreact\\src\\components\\contexts\\beer-context.tsx","all":false,"statementMap":{"0":{"start":{"line":1,"column":0},"end":{"line":1,"column":78}},"1":{"start":{"line":2,"column":0},"end":{"line":2,"column":71}},"2":{"start":{"line":3,"column":0},"end":{"line":3,"column":85}},"3":{"start":{"line":4,"column":0},"end":{"line":4,"column":92}},"4":{"start":{"line":5,"column":0},"end":{"line":5,"column":72}},"5":{"start":{"line":6,"column":0},"end":{"line":6,"column":0}},"6":{"start":{"line":7,"column":0},"end":{"line":7,"column":32}},"7":{"start":{"line":8,"column":0},"end":{"line":8,"column":21}},"8":{"start":{"line":9,"column":0},"end":{"line":9,"column":45}},"9":{"start":{"line":10,"column":0},"end":{"line":10,"column":22}},"10":{"start":{"line":11,"column":0},"end":{"line":11,"column":78}},"11":{"start":{"line":12,"column":0},"end":{"line":12,"column":29}},"12":{"start":{"line":13,"column":0},"end":{"line":13,"column":31}},"13":{"start":{"line":14,"column":0},"end":{"line":14,"column":28}},"14":{"start":{"line":15,"column":0},"end":{"line":15,"column":28}},"15":{"start":{"line":16,"column":0},"end":{"line":16,"column":40}},"16":{"start":{"line":17,"column":0},"end":{"line":17,"column":19}},"17":{"start":{"line":18,"column":0},"end":{"line":18,"column":33}},"18":{"start":{"line":19,"column":0},"end":{"line":19,"column":29}},"19":{"start":{"line":20,"column":0},"end":{"line":20,"column":2}},"20":{"start":{"line":21,"column":0},"end":{"line":21,"column":0}},"21":{"start":{"line":22,"column":0},"end":{"line":22,"column":72}},"22":{"start":{"line":23,"column":0},"end":{"line":23,"column":0}},"23":{"start":{"line":24,"column":0},"end":{"line":24,"column":81}},"24":{"start":{"line":25,"column":0},"end":{"line":25,"column":29}},"25":{"start":{"line":26,"column":0},"end":{"line":26,"column":33}},"26":{"start":{"line":27,"column":0},"end":{"line":27,"column":33}},"27":{"start":{"line":28,"column":0},"end":{"line":28,"column":0}},"28":{"start":{"line":29,"column":0},"end":{"line":29,"column":59}},"29":{"start":{"line":30,"column":0},"end":{"line":30,"column":49}},"30":{"start":{"line":31,"column":0},"end":{"line":31,"column":60}},"31":{"start":{"line":32,"column":0},"end":{"line":32,"column":53}},"32":{"start":{"line":33,"column":0},"end":{"line":33,"column":0}},"33":{"start":{"line":34,"column":0},"end":{"line":34,"column":79}},"34":{"start":{"line":35,"column":0},"end":{"line":35,"column":65}},"35":{"start":{"line":36,"column":0},"end":{"line":36,"column":65}},"36":{"start":{"line":37,"column":0},"end":{"line":37,"column":57}},"37":{"start":{"line":38,"column":0},"end":{"line":38,"column":47}},"38":{"start":{"line":39,"column":0},"end":{"line":39,"column":4}},"39":{"start":{"line":40,"column":0},"end":{"line":40,"column":65}},"40":{"start":{"line":41,"column":0},"end":{"line":41,"column":88}},"41":{"start":{"line":42,"column":0},"end":{"line":42,"column":0}},"42":{"start":{"line":43,"column":0},"end":{"line":43,"column":71}},"43":{"start":{"line":44,"column":0},"end":{"line":44,"column":0}},"44":{"start":{"line":45,"column":0},"end":{"line":45,"column":82}},"45":{"start":{"line":46,"column":0},"end":{"line":46,"column":66}},"46":{"start":{"line":47,"column":0},"end":{"line":47,"column":0}},"47":{"start":{"line":48,"column":0},"end":{"line":48,"column":19}},"48":{"start":{"line":49,"column":0},"end":{"line":49,"column":59}},"49":{"start":{"line":50,"column":0},"end":{"line":50,"column":32}},"50":{"start":{"line":51,"column":0},"end":{"line":51,"column":0}},"51":{"start":{"line":52,"column":0},"end":{"line":52,"column":39}},"52":{"start":{"line":53,"column":0},"end":{"line":53,"column":0}},"53":{"start":{"line":54,"column":0},"end":{"line":54,"column":43}},"54":{"start":{"line":55,"column":0},"end":{"line":55,"column":51}},"55":{"start":{"line":56,"column":0},"end":{"line":56,"column":51}},"56":{"start":{"line":57,"column":0},"end":{"line":57,"column":7}},"57":{"start":{"line":58,"column":0},"end":{"line":58,"column":53}},"58":{"start":{"line":59,"column":0},"end":{"line":59,"column":51}},"59":{"start":{"line":60,"column":0},"end":{"line":60,"column":7}},"60":{"start":{"line":61,"column":0},"end":{"line":61,"column":58}},"61":{"start":{"line":62,"column":0},"end":{"line":62,"column":55}},"62":{"start":{"line":63,"column":0},"end":{"line":63,"column":7}},"63":{"start":{"line":64,"column":0},"end":{"line":64,"column":37}},"64":{"start":{"line":65,"column":0},"end":{"line":65,"column":39}},"65":{"start":{"line":66,"column":0},"end":{"line":66,"column":7}},"66":{"start":{"line":67,"column":0},"end":{"line":67,"column":0}},"67":{"start":{"line":68,"column":0},"end":{"line":68,"column":11}},"68":{"start":{"line":69,"column":0},"end":{"line":69,"column":42}},"69":{"start":{"line":70,"column":0},"end":{"line":70,"column":43}},"70":{"start":{"line":71,"column":0},"end":{"line":71,"column":40}},"71":{"start":{"line":72,"column":0},"end":{"line":72,"column":40}},"72":{"start":{"line":73,"column":0},"end":{"line":73,"column":16}},"73":{"start":{"line":74,"column":0},"end":{"line":74,"column":39}},"74":{"start":{"line":75,"column":0},"end":{"line":75,"column":9}},"75":{"start":{"line":76,"column":0},"end":{"line":76,"column":25}},"76":{"start":{"line":77,"column":0},"end":{"line":77,"column":36}},"77":{"start":{"line":78,"column":0},"end":{"line":78,"column":20}},"78":{"start":{"line":79,"column":0},"end":{"line":79,"column":26}},"79":{"start":{"line":80,"column":0},"end":{"line":80,"column":30}},"80":{"start":{"line":81,"column":0},"end":{"line":81,"column":36}},"81":{"start":{"line":82,"column":0},"end":{"line":82,"column":44}},"82":{"start":{"line":83,"column":0},"end":{"line":83,"column":28}},"83":{"start":{"line":84,"column":0},"end":{"line":84,"column":40}},"84":{"start":{"line":85,"column":0},"end":{"line":85,"column":14}},"85":{"start":{"line":86,"column":0},"end":{"line":86,"column":12}},"86":{"start":{"line":87,"column":0},"end":{"line":87,"column":10}},"87":{"start":{"line":88,"column":0},"end":{"line":88,"column":35}},"88":{"start":{"line":89,"column":0},"end":{"line":89,"column":23}},"89":{"start":{"line":90,"column":0},"end":{"line":90,"column":63}},"90":{"start":{"line":91,"column":0},"end":{"line":91,"column":7}},"91":{"start":{"line":92,"column":0},"end":{"line":92,"column":6}},"92":{"start":{"line":93,"column":0},"end":{"line":93,"column":25}},"93":{"start":{"line":94,"column":0},"end":{"line":94,"column":42}},"94":{"start":{"line":95,"column":0},"end":{"line":95,"column":0}},"95":{"start":{"line":96,"column":0},"end":{"line":96,"column":19}},"96":{"start":{"line":97,"column":0},"end":{"line":97,"column":62}},"97":{"start":{"line":98,"column":0},"end":{"line":98,"column":32}},"98":{"start":{"line":99,"column":0},"end":{"line":99,"column":11}},"99":{"start":{"line":100,"column":0},"end":{"line":100,"column":80}},"100":{"start":{"line":101,"column":0},"end":{"line":101,"column":84}},"101":{"start":{"line":102,"column":0},"end":{"line":102,"column":18}},"102":{"start":{"line":103,"column":0},"end":{"line":103,"column":30}},"103":{"start":{"line":104,"column":0},"end":{"line":104,"column":34}},"104":{"start":{"line":105,"column":0},"end":{"line":105,"column":40}},"105":{"start":{"line":106,"column":0},"end":{"line":106,"column":48}},"106":{"start":{"line":107,"column":0},"end":{"line":107,"column":32}},"107":{"start":{"line":108,"column":0},"end":{"line":108,"column":44}},"108":{"start":{"line":109,"column":0},"end":{"line":109,"column":26}},"109":{"start":{"line":110,"column":0},"end":{"line":110,"column":85}},"110":{"start":{"line":111,"column":0},"end":{"line":111,"column":83}},"111":{"start":{"line":112,"column":0},"end":{"line":112,"column":50}},"112":{"start":{"line":113,"column":0},"end":{"line":113,"column":14}},"113":{"start":{"line":114,"column":0},"end":{"line":114,"column":50}},"114":{"start":{"line":115,"column":0},"end":{"line":115,"column":54}},"115":{"start":{"line":116,"column":0},"end":{"line":116,"column":12}},"116":{"start":{"line":117,"column":0},"end":{"line":117,"column":11}},"117":{"start":{"line":118,"column":0},"end":{"line":118,"column":33}},"118":{"start":{"line":119,"column":0},"end":{"line":119,"column":35}},"119":{"start":{"line":120,"column":0},"end":{"line":120,"column":23}},"120":{"start":{"line":121,"column":0},"end":{"line":121,"column":67}},"121":{"start":{"line":122,"column":0},"end":{"line":122,"column":7}},"122":{"start":{"line":123,"column":0},"end":{"line":123,"column":6}},"123":{"start":{"line":124,"column":0},"end":{"line":124,"column":20}},"124":{"start":{"line":125,"column":0},"end":{"line":125,"column":30}},"125":{"start":{"line":126,"column":0},"end":{"line":126,"column":5}},"126":{"start":{"line":127,"column":0},"end":{"line":127,"column":21}},"127":{"start":{"line":128,"column":0},"end":{"line":128,"column":28}},"128":{"start":{"line":129,"column":0},"end":{"line":129,"column":5}},"129":{"start":{"line":130,"column":0},"end":{"line":130,"column":18}},"130":{"start":{"line":131,"column":0},"end":{"line":131,"column":0}},"131":{"start":{"line":132,"column":0},"end":{"line":132,"column":19}},"132":{"start":{"line":133,"column":0},"end":{"line":133,"column":69}},"133":{"start":{"line":134,"column":0},"end":{"line":134,"column":87}},"134":{"start":{"line":135,"column":0},"end":{"line":135,"column":27}},"135":{"start":{"line":136,"column":0},"end":{"line":136,"column":38}},"136":{"start":{"line":137,"column":0},"end":{"line":137,"column":59}},"137":{"start":{"line":138,"column":0},"end":{"line":138,"column":12}},"138":{"start":{"line":139,"column":0},"end":{"line":139,"column":24}},"139":{"start":{"line":140,"column":0},"end":{"line":140,"column":44}},"140":{"start":{"line":141,"column":0},"end":{"line":141,"column":5}},"141":{"start":{"line":142,"column":0},"end":{"line":142,"column":64}},"142":{"start":{"line":143,"column":0},"end":{"line":143,"column":0}},"143":{"start":{"line":144,"column":0},"end":{"line":144,"column":45}},"144":{"start":{"line":145,"column":0},"end":{"line":145,"column":25}},"145":{"start":{"line":146,"column":0},"end":{"line":146,"column":23}},"146":{"start":{"line":147,"column":0},"end":{"line":147,"column":25}},"147":{"start":{"line":148,"column":0},"end":{"line":148,"column":33}},"148":{"start":{"line":149,"column":0},"end":{"line":149,"column":6}},"149":{"start":{"line":150,"column":0},"end":{"line":150,"column":68}},"150":{"start":{"line":151,"column":0},"end":{"line":151,"column":33}},"151":{"start":{"line":152,"column":0},"end":{"line":152,"column":3}},"152":{"start":{"line":153,"column":0},"end":{"line":153,"column":0}},"153":{"start":{"line":154,"column":0},"end":{"line":154,"column":81}},"154":{"start":{"line":155,"column":0},"end":{"line":155,"column":99}},"155":{"start":{"line":156,"column":0},"end":{"line":156,"column":68}},"156":{"start":{"line":157,"column":0},"end":{"line":157,"column":33}},"157":{"start":{"line":158,"column":0},"end":{"line":158,"column":4}},"158":{"start":{"line":159,"column":0},"end":{"line":159,"column":0}},"159":{"start":{"line":160,"column":0},"end":{"line":160,"column":36}},"160":{"start":{"line":161,"column":0},"end":{"line":161,"column":33}},"161":{"start":{"line":162,"column":0},"end":{"line":162,"column":25}},"162":{"start":{"line":163,"column":0},"end":{"line":163,"column":23}},"163":{"start":{"line":164,"column":0},"end":{"line":164,"column":31}},"164":{"start":{"line":165,"column":0},"end":{"line":165,"column":6}},"165":{"start":{"line":166,"column":0},"end":{"line":166,"column":68}},"166":{"start":{"line":167,"column":0},"end":{"line":167,"column":33}},"167":{"start":{"line":168,"column":0},"end":{"line":168,"column":4}},"168":{"start":{"line":169,"column":0},"end":{"line":169,"column":0}},"169":{"start":{"line":170,"column":0},"end":{"line":170,"column":32}},"170":{"start":{"line":171,"column":0},"end":{"line":171,"column":33}},"171":{"start":{"line":172,"column":0},"end":{"line":172,"column":25}},"172":{"start":{"line":173,"column":0},"end":{"line":173,"column":23}},"173":{"start":{"line":174,"column":0},"end":{"line":174,"column":31}},"174":{"start":{"line":175,"column":0},"end":{"line":175,"column":6}},"175":{"start":{"line":176,"column":0},"end":{"line":176,"column":68}},"176":{"start":{"line":177,"column":0},"end":{"line":177,"column":33}},"177":{"start":{"line":178,"column":0},"end":{"line":178,"column":4}},"178":{"start":{"line":179,"column":0},"end":{"line":179,"column":10}},"179":{"start":{"line":180,"column":0},"end":{"line":180,"column":25}},"180":{"start":{"line":181,"column":0},"end":{"line":181,"column":14}},"181":{"start":{"line":182,"column":0},"end":{"line":182,"column":19}},"182":{"start":{"line":183,"column":0},"end":{"line":183,"column":21}},"183":{"start":{"line":184,"column":0},"end":{"line":184,"column":20}},"184":{"start":{"line":185,"column":0},"end":{"line":185,"column":33}},"185":{"start":{"line":186,"column":0},"end":{"line":186,"column":17}},"186":{"start":{"line":187,"column":0},"end":{"line":187,"column":23}},"187":{"start":{"line":188,"column":0},"end":{"line":188,"column":27}},"188":{"start":{"line":189,"column":0},"end":{"line":189,"column":22}},"189":{"start":{"line":190,"column":0},"end":{"line":190,"column":28}},"190":{"start":{"line":191,"column":0},"end":{"line":191,"column":25}},"191":{"start":{"line":192,"column":0},"end":{"line":192,"column":25}},"192":{"start":{"line":193,"column":0},"end":{"line":193,"column":21}},"193":{"start":{"line":194,"column":0},"end":{"line":194,"column":8}},"194":{"start":{"line":195,"column":0},"end":{"line":195,"column":5}},"195":{"start":{"line":196,"column":0},"end":{"line":196,"column":16}},"196":{"start":{"line":197,"column":0},"end":{"line":197,"column":27}},"197":{"start":{"line":198,"column":0},"end":{"line":198,"column":4}},"198":{"start":{"line":199,"column":0},"end":{"line":199,"column":2}},"199":{"start":{"line":200,"column":0},"end":{"line":200,"column":0}},"200":{"start":{"line":201,"column":0},"end":{"line":201,"column":27}},"201":{"start":{"line":202,"column":0},"end":{"line":202,"column":33}},"202":{"start":{"line":203,"column":0},"end":{"line":203,"column":2}},"203":{"start":{"line":204,"column":0},"end":{"line":204,"column":37}}},"s":{"0":1,"1":1,"2":1,"3":1,"4":1,"5":1,"6":1,"7":1,"8":1,"9":1,"10":1,"11":1,"12":1,"13":1,"14":1,"15":1,"16":1,"17":1,"18":1,"19":1,"20":1,"21":1,"22":1,"23":1,"24":1,"25":1,"26":1,"27":1,"28":1,"29":1,"30":1,"31":1,"32":1,"33":1,"34":1,"35":1,"36":1,"37":1,"38":1,"39":1,"40":1,"41":1,"42":1,"43":1,"44":1,"45":1,"46":1,"47":1,"48":1,"49":1,"50":1,"51":1,"52":1,"53":1,"54":1,"55":0,"56":0,"57":1,"58":1,"59":1,"60":1,"61":1,"62":1,"63":1,"64":1,"65":1,"66":1,"67":1,"68":1,"69":0,"70":0,"71":0,"72":0,"73":0,"74":0,"75":0,"76":0,"77":0,"78":0,"79":0,"80":0,"81":0,"82":0,"83":0,"84":0,"85":0,"86":0,"87":0,"88":0,"89":0,"90":0,"91":1,"92":1,"93":1,"94":1,"95":1,"96":1,"97":0,"98":0,"99":0,"100":0,"101":0,"102":0,"103":0,"104":0,"105":0,"106":0,"107":0,"108":0,"109":0,"110":0,"111":0,"112":0,"113":0,"114":0,"115":0,"116":0,"117":0,"118":0,"119":0,"120":0,"121":0,"122":0,"123":1,"124":0,"125":0,"126":1,"127":1,"128":1,"129":1,"130":1,"131":1,"132":1,"133":1,"134":1,"135":0,"136":0,"137":1,"138":1,"139":1,"140":1,"141":1,"142":1,"143":1,"144":0,"145":0,"146":0,"147":0,"148":0,"149":0,"150":0,"151":0,"152":1,"153":1,"154":0,"155":0,"156":0,"157":0,"158":1,"159":1,"160":0,"161":0,"162":0,"163":0,"164":0,"165":0,"166":0,"167":0,"168":1,"169":1,"170":0,"171":0,"172":0,"173":0,"174":0,"175":0,"176":0,"177":0,"178":1,"179":1,"180":1,"181":1,"182":1,"183":1,"184":1,"185":1,"186":1,"187":1,"188":1,"189":1,"190":1,"191":1,"192":1,"193":1,"194":1,"195":1,"196":1,"197":1,"198":1,"199":1,"200":1,"201":12,"202":12,"203":1},"branchMap":{"0":{"type":"branch","line":24,"loc":{"start":{"line":24,"column":62},"end":{"line":199,"column":2}},"locations":[{"start":{"line":24,"column":62},"end":{"line":199,"column":2}}]},"1":{"type":"branch","line":48,"loc":{"start":{"line":48,"column":12},"end":{"line":94,"column":5}},"locations":[{"start":{"line":48,"column":12},"end":{"line":94,"column":5}}]},"2":{"type":"branch","line":49,"loc":{"start":{"line":49,"column":31},"end":{"line":92,"column":6}},"locations":[{"start":{"line":49,"column":31},"end":{"line":92,"column":6}}]},"3":{"type":"branch","line":55,"loc":{"start":{"line":55,"column":10},"end":{"line":55,"column":50}},"locations":[{"start":{"line":55,"column":10},"end":{"line":55,"column":50}}]},"4":{"type":"branch","line":55,"loc":{"start":{"line":55,"column":50},"end":{"line":57,"column":7}},"locations":[{"start":{"line":55,"column":50},"end":{"line":57,"column":7}}]},"5":{"type":"branch","line":69,"loc":{"start":{"line":69,"column":40},"end":{"line":91,"column":7}},"locations":[{"start":{"line":69,"column":40},"end":{"line":91,"column":7}}]},"6":{"type":"branch","line":96,"loc":{"start":{"line":96,"column":12},"end":{"line":130,"column":5}},"locations":[{"start":{"line":96,"column":12},"end":{"line":130,"column":5}}]},"7":{"type":"branch","line":124,"loc":{"start":{"line":124,"column":19},"end":{"line":126,"column":5}},"locations":[{"start":{"line":124,"column":19},"end":{"line":126,"column":5}}]},"8":{"type":"branch","line":132,"loc":{"start":{"line":132,"column":12},"end":{"line":142,"column":5}},"locations":[{"start":{"line":132,"column":12},"end":{"line":142,"column":5}}]},"9":{"type":"branch","line":133,"loc":{"start":{"line":133,"column":16},"end":{"line":133,"column":58}},"locations":[{"start":{"line":133,"column":16},"end":{"line":133,"column":58}}]},"10":{"type":"branch","line":134,"loc":{"start":{"line":134,"column":19},"end":{"line":134,"column":67}},"locations":[{"start":{"line":134,"column":19},"end":{"line":134,"column":67}}]},"11":{"type":"branch","line":135,"loc":{"start":{"line":135,"column":26},"end":{"line":138,"column":11}},"locations":[{"start":{"line":135,"column":26},"end":{"line":138,"column":11}}]},"12":{"type":"branch","line":201,"loc":{"start":{"line":201,"column":20},"end":{"line":203,"column":2}},"locations":[{"start":{"line":201,"column":20},"end":{"line":203,"column":2}}]}},"b":{"0":[1],"1":[1],"2":[1],"3":[0],"4":[0],"5":[0],"6":[1],"7":[0],"8":[1],"9":[0],"10":[0],"11":[0],"12":[12]},"fnMap":{"0":{"name":"BeerProvider","decl":{"start":{"line":24,"column":62},"end":{"line":199,"column":2}},"loc":{"start":{"line":24,"column":62},"end":{"line":199,"column":2}},"line":24},"1":{"name":"fetchSearchResults","decl":{"start":{"line":49,"column":31},"end":{"line":92,"column":6}},"loc":{"start":{"line":49,"column":31},"end":{"line":92,"column":6}},"line":49},"2":{"name":"fetchDetailedBeerData","decl":{"start":{"line":97,"column":34},"end":{"line":123,"column":6}},"loc":{"start":{"line":97,"column":34},"end":{"line":123,"column":6}},"line":97},"3":{"name":"handleSearch","decl":{"start":{"line":144,"column":2},"end":{"line":152,"column":3}},"loc":{"start":{"line":144,"column":2},"end":{"line":152,"column":3}},"line":144},"4":{"name":"handleItemsPerPageChange","decl":{"start":{"line":154,"column":35},"end":{"line":158,"column":4}},"loc":{"start":{"line":154,"column":35},"end":{"line":158,"column":4}},"line":154},"5":{"name":"handlePreviousPage","decl":{"start":{"line":160,"column":29},"end":{"line":168,"column":4}},"loc":{"start":{"line":160,"column":29},"end":{"line":168,"column":4}},"line":160},"6":{"name":"handleNextPage","decl":{"start":{"line":170,"column":25},"end":{"line":178,"column":4}},"loc":{"start":{"line":170,"column":25},"end":{"line":178,"column":4}},"line":170},"7":{"name":"useBeerData","decl":{"start":{"line":201,"column":20},"end":{"line":203,"column":2}},"loc":{"start":{"line":201,"column":20},"end":{"line":203,"column":2}},"line":201}},"f":{"0":1,"1":1,"2":0,"3":0,"4":0,"5":0,"6":0,"7":12}}
,"C:\\Users\\rany\\Desktop\\RSreact\\src\\components\\load-spinner\\spinner.tsx": {"path":"C:\\Users\\rany\\Desktop\\RSreact\\src\\components\\load-spinner\\spinner.tsx","all":false,"statementMap":{"0":{"start":{"line":1,"column":0},"end":{"line":1,"column":26}},"1":{"start":{"line":2,"column":0},"end":{"line":2,"column":0}},"2":{"start":{"line":3,"column":0},"end":{"line":3,"column":23}},"3":{"start":{"line":4,"column":0},"end":{"line":4,"column":10}},"4":{"start":{"line":5,"column":0},"end":{"line":5,"column":8}},"5":{"start":{"line":6,"column":0},"end":{"line":6,"column":25}},"6":{"start":{"line":7,"column":0},"end":{"line":7,"column":27}},"7":{"start":{"line":8,"column":0},"end":{"line":8,"column":5}},"8":{"start":{"line":9,"column":0},"end":{"line":9,"column":27}},"9":{"start":{"line":10,"column":0},"end":{"line":10,"column":10}},"10":{"start":{"line":11,"column":0},"end":{"line":11,"column":42}},"11":{"start":{"line":12,"column":0},"end":{"line":12,"column":29}},"12":{"start":{"line":13,"column":0},"end":{"line":13,"column":38}},"13":{"start":{"line":14,"column":0},"end":{"line":14,"column":38}},"14":{"start":{"line":15,"column":0},"end":{"line":15,"column":7}},"15":{"start":{"line":16,"column":0},"end":{"line":16,"column":15}},"16":{"start":{"line":17,"column":0},"end":{"line":17,"column":17}},"17":{"start":{"line":18,"column":0},"end":{"line":18,"column":17}},"18":{"start":{"line":19,"column":0},"end":{"line":19,"column":16}},"19":{"start":{"line":20,"column":0},"end":{"line":20,"column":26}},"20":{"start":{"line":21,"column":0},"end":{"line":21,"column":25}},"21":{"start":{"line":22,"column":0},"end":{"line":22,"column":21}},"22":{"start":{"line":23,"column":0},"end":{"line":23,"column":31}},"23":{"start":{"line":24,"column":0},"end":{"line":24,"column":9}},"24":{"start":{"line":25,"column":0},"end":{"line":25,"column":18}},"25":{"start":{"line":26,"column":0},"end":{"line":26,"column":45}},"26":{"start":{"line":27,"column":0},"end":{"line":27,"column":20}},"27":{"start":{"line":28,"column":0},"end":{"line":28,"column":36}},"28":{"start":{"line":29,"column":0},"end":{"line":29,"column":20}},"29":{"start":{"line":30,"column":0},"end":{"line":30,"column":20}},"30":{"start":{"line":31,"column":0},"end":{"line":31,"column":12}},"31":{"start":{"line":32,"column":0},"end":{"line":32,"column":18}},"32":{"start":{"line":33,"column":0},"end":{"line":33,"column":44}},"33":{"start":{"line":34,"column":0},"end":{"line":34,"column":20}},"34":{"start":{"line":35,"column":0},"end":{"line":35,"column":36}},"35":{"start":{"line":36,"column":0},"end":{"line":36,"column":50}},"36":{"start":{"line":37,"column":0},"end":{"line":37,"column":12}},"37":{"start":{"line":38,"column":0},"end":{"line":38,"column":17}},"38":{"start":{"line":39,"column":0},"end":{"line":39,"column":12}},"39":{"start":{"line":40,"column":0},"end":{"line":40,"column":10}},"40":{"start":{"line":41,"column":0},"end":{"line":41,"column":4}},"41":{"start":{"line":42,"column":0},"end":{"line":42,"column":2}},"42":{"start":{"line":43,"column":0},"end":{"line":43,"column":0}},"43":{"start":{"line":44,"column":0},"end":{"line":44,"column":23}}},"s":{"0":1,"1":1,"2":1,"3":1,"4":1,"5":1,"6":1,"7":1,"8":1,"9":1,"10":1,"11":1,"12":1,"13":1,"14":1,"15":1,"16":1,"17":1,"18":1,"19":1,"20":1,"21":1,"22":1,"23":1,"24":1,"25":1,"26":1,"27":1,"28":1,"29":1,"30":1,"31":1,"32":1,"33":1,"34":1,"35":1,"36":1,"37":1,"38":1,"39":1,"40":1,"41":1,"42":1,"43":1},"branchMap":{"0":{"type":"branch","line":3,"loc":{"start":{"line":3,"column":16},"end":{"line":42,"column":2}},"locations":[{"start":{"line":3,"column":16},"end":{"line":42,"column":2}}]}},"b":{"0":[1]},"fnMap":{"0":{"name":"Spinner","decl":{"start":{"line":3,"column":16},"end":{"line":42,"column":2}},"loc":{"start":{"line":3,"column":16},"end":{"line":42,"column":2}},"line":3}},"f":{"0":1}}
,"C:\\Users\\rany\\Desktop\\RSreact\\src\\components\\pages\\main-page\\main-page.tsx": {"path":"C:\\Users\\rany\\Desktop\\RSreact\\src\\components\\pages\\main-page\\main-page.tsx","all":false,"statementMap":{"0":{"start":{"line":1,"column":0},"end":{"line":1,"column":60}},"1":{"start":{"line":2,"column":0},"end":{"line":2,"column":0}},"2":{"start":{"line":3,"column":0},"end":{"line":3,"column":40}},"3":{"start":{"line":4,"column":0},"end":{"line":4,"column":28}},"4":{"start":{"line":5,"column":0},"end":{"line":5,"column":54}},"5":{"start":{"line":6,"column":0},"end":{"line":6,"column":72}},"6":{"start":{"line":7,"column":0},"end":{"line":7,"column":59}},"7":{"start":{"line":8,"column":0},"end":{"line":8,"column":37}},"8":{"start":{"line":9,"column":0},"end":{"line":9,"column":0}},"9":{"start":{"line":10,"column":0},"end":{"line":10,"column":24}},"10":{"start":{"line":11,"column":0},"end":{"line":11,"column":10}},"11":{"start":{"line":12,"column":0},"end":{"line":12,"column":18}},"12":{"start":{"line":13,"column":0},"end":{"line":13,"column":33}},"13":{"start":{"line":14,"column":0},"end":{"line":14,"column":35}},"14":{"start":{"line":15,"column":0},"end":{"line":15,"column":15}},"15":{"start":{"line":16,"column":0},"end":{"line":16,"column":20}},"16":{"start":{"line":17,"column":0},"end":{"line":17,"column":46}},"17":{"start":{"line":18,"column":0},"end":{"line":18,"column":11}},"18":{"start":{"line":19,"column":0},"end":{"line":19,"column":33}},"19":{"start":{"line":20,"column":0},"end":{"line":20,"column":17}},"20":{"start":{"line":21,"column":0},"end":{"line":21,"column":17}},"21":{"start":{"line":22,"column":0},"end":{"line":22,"column":31}},"22":{"start":{"line":23,"column":0},"end":{"line":23,"column":33}},"23":{"start":{"line":24,"column":0},"end":{"line":24,"column":0}},"24":{"start":{"line":25,"column":0},"end":{"line":25,"column":13}},"25":{"start":{"line":26,"column":0},"end":{"line":26,"column":97}},"26":{"start":{"line":27,"column":0},"end":{"line":27,"column":100}},"27":{"start":{"line":28,"column":0},"end":{"line":28,"column":30}},"28":{"start":{"line":29,"column":0},"end":{"line":29,"column":14}},"29":{"start":{"line":30,"column":0},"end":{"line":30,"column":0}},"30":{"start":{"line":31,"column":0},"end":{"line":31,"column":27}},"31":{"start":{"line":32,"column":0},"end":{"line":32,"column":31}},"32":{"start":{"line":33,"column":0},"end":{"line":33,"column":25}},"33":{"start":{"line":34,"column":0},"end":{"line":34,"column":15}},"34":{"start":{"line":35,"column":0},"end":{"line":35,"column":18}},"35":{"start":{"line":36,"column":0},"end":{"line":36,"column":12}},"36":{"start":{"line":37,"column":0},"end":{"line":37,"column":19}},"37":{"start":{"line":38,"column":0},"end":{"line":38,"column":4}},"38":{"start":{"line":39,"column":0},"end":{"line":39,"column":2}},"39":{"start":{"line":40,"column":0},"end":{"line":40,"column":0}},"40":{"start":{"line":41,"column":0},"end":{"line":41,"column":24}}},"s":{"0":1,"1":1,"2":1,"3":1,"4":1,"5":1,"6":1,"7":1,"8":1,"9":1,"10":1,"11":1,"12":1,"13":1,"14":1,"15":1,"16":1,"17":1,"18":1,"19":1,"20":1,"21":1,"22":1,"23":1,"24":1,"25":1,"26":1,"27":1,"28":1,"29":1,"30":1,"31":1,"32":1,"33":1,"34":1,"35":1,"36":1,"37":1,"38":1,"39":1,"40":1},"branchMap":{"0":{"type":"branch","line":10,"loc":{"start":{"line":10,"column":17},"end":{"line":39,"column":2}},"locations":[{"start":{"line":10,"column":17},"end":{"line":39,"column":2}}]}},"b":{"0":[1]},"fnMap":{"0":{"name":"MainPage","decl":{"start":{"line":10,"column":17},"end":{"line":39,"column":2}},"loc":{"start":{"line":10,"column":17},"end":{"line":39,"column":2}},"line":10}},"f":{"0":1}}
,"C:\\Users\\rany\\Desktop\\RSreact\\src\\components\\pages\\main-page\\beer-section\\beer-section.tsx": {"path":"C:\\Users\\rany\\Desktop\\RSreact\\src\\components\\pages\\main-page\\beer-section\\beer-section.tsx","all":false,"statementMap":{"0":{"start":{"line":1,"column":0},"end":{"line":1,"column":42}},"1":{"start":{"line":2,"column":0},"end":{"line":2,"column":79}},"2":{"start":{"line":3,"column":0},"end":{"line":3,"column":62}},"3":{"start":{"line":4,"column":0},"end":{"line":4,"column":31}},"4":{"start":{"line":5,"column":0},"end":{"line":5,"column":0}},"5":{"start":{"line":6,"column":0},"end":{"line":6,"column":27}},"6":{"start":{"line":7,"column":0},"end":{"line":7,"column":53}},"7":{"start":{"line":8,"column":0},"end":{"line":8,"column":51}},"8":{"start":{"line":9,"column":0},"end":{"line":9,"column":25}},"9":{"start":{"line":10,"column":0},"end":{"line":10,"column":43}},"10":{"start":{"line":11,"column":0},"end":{"line":11,"column":3}},"11":{"start":{"line":12,"column":0},"end":{"line":12,"column":10}},"12":{"start":{"line":13,"column":0},"end":{"line":13,"column":8}},"13":{"start":{"line":14,"column":0},"end":{"line":14,"column":30}},"14":{"start":{"line":15,"column":0},"end":{"line":15,"column":81}},"15":{"start":{"line":16,"column":0},"end":{"line":16,"column":5}},"16":{"start":{"line":17,"column":0},"end":{"line":17,"column":24}},"17":{"start":{"line":18,"column":0},"end":{"line":18,"column":33}},"18":{"start":{"line":19,"column":0},"end":{"line":19,"column":18}},"19":{"start":{"line":20,"column":0},"end":{"line":20,"column":12}},"20":{"start":{"line":21,"column":0},"end":{"line":21,"column":10}},"21":{"start":{"line":22,"column":0},"end":{"line":22,"column":4}},"22":{"start":{"line":23,"column":0},"end":{"line":23,"column":2}},"23":{"start":{"line":24,"column":0},"end":{"line":24,"column":0}},"24":{"start":{"line":25,"column":0},"end":{"line":25,"column":27}}},"s":{"0":1,"1":1,"2":1,"3":1,"4":1,"5":1,"6":1,"7":1,"8":1,"9":1,"10":1,"11":0,"12":0,"13":0,"14":1,"15":1,"16":1,"17":1,"18":1,"19":1,"20":1,"21":1,"22":1,"23":1,"24":1},"branchMap":{"0":{"type":"branch","line":6,"loc":{"start":{"line":6,"column":20},"end":{"line":23,"column":2}},"locations":[{"start":{"line":6,"column":20},"end":{"line":23,"column":2}}]},"1":{"type":"branch","line":11,"loc":{"start":{"line":11,"column":2},"end":{"line":15,"column":73}},"locations":[{"start":{"line":11,"column":2},"end":{"line":15,"column":73}}]},"2":{"type":"branch","line":15,"loc":{"start":{"line":15,"column":61},"end":{"line":15,"column":79}},"locations":[{"start":{"line":15,"column":61},"end":{"line":15,"column":79}}]}},"b":{"0":[1],"1":[0],"2":[0]},"fnMap":{"0":{"name":"BeerSection","decl":{"start":{"line":6,"column":20},"end":{"line":23,"column":2}},"loc":{"start":{"line":6,"column":20},"end":{"line":23,"column":2}},"line":6}},"f":{"0":1}}
,"C:\\Users\\rany\\Desktop\\RSreact\\src\\components\\pages\\main-page\\detailed-beer-item\\detailed-beer-item.tsx": {"path":"C:\\Users\\rany\\Desktop\\RSreact\\src\\components\\pages\\main-page\\detailed-beer-item\\detailed-beer-item.tsx","all":false,"statementMap":{"0":{"start":{"line":1,"column":0},"end":{"line":1,"column":60}},"1":{"start":{"line":2,"column":0},"end":{"line":2,"column":79}},"2":{"start":{"line":3,"column":0},"end":{"line":3,"column":52}},"3":{"start":{"line":4,"column":0},"end":{"line":4,"column":29}},"4":{"start":{"line":5,"column":0},"end":{"line":5,"column":0}},"5":{"start":{"line":6,"column":0},"end":{"line":6,"column":35}},"6":{"start":{"line":7,"column":0},"end":{"line":7,"column":13}},"7":{"start":{"line":8,"column":0},"end":{"line":8,"column":15}},"8":{"start":{"line":9,"column":0},"end":{"line":9,"column":18}},"9":{"start":{"line":10,"column":0},"end":{"line":10,"column":22}},"10":{"start":{"line":11,"column":0},"end":{"line":11,"column":14}},"11":{"start":{"line":12,"column":0},"end":{"line":12,"column":20}},"12":{"start":{"line":13,"column":0},"end":{"line":13,"column":31}},"13":{"start":{"line":14,"column":0},"end":{"line":14,"column":23}},"14":{"start":{"line":15,"column":0},"end":{"line":15,"column":25}},"15":{"start":{"line":16,"column":0},"end":{"line":16,"column":1}},"16":{"start":{"line":17,"column":0},"end":{"line":17,"column":34}},"17":{"start":{"line":18,"column":0},"end":{"line":18,"column":9}},"18":{"start":{"line":19,"column":0},"end":{"line":19,"column":17}},"19":{"start":{"line":20,"column":0},"end":{"line":20,"column":6}},"20":{"start":{"line":21,"column":0},"end":{"line":21,"column":9}},"21":{"start":{"line":22,"column":0},"end":{"line":22,"column":17}},"22":{"start":{"line":23,"column":0},"end":{"line":23,"column":6}},"23":{"start":{"line":24,"column":0},"end":{"line":24,"column":16}},"24":{"start":{"line":25,"column":0},"end":{"line":25,"column":1}},"25":{"start":{"line":26,"column":0},"end":{"line":26,"column":0}},"26":{"start":{"line":27,"column":0},"end":{"line":27,"column":29}},"27":{"start":{"line":28,"column":0},"end":{"line":28,"column":53}},"28":{"start":{"line":29,"column":0},"end":{"line":29,"column":37}},"29":{"start":{"line":30,"column":0},"end":{"line":30,"column":33}},"30":{"start":{"line":31,"column":0},"end":{"line":31,"column":33}},"31":{"start":{"line":32,"column":0},"end":{"line":32,"column":0}},"32":{"start":{"line":33,"column":0},"end":{"line":33,"column":14}},"33":{"start":{"line":34,"column":0},"end":{"line":34,"column":16}},"34":{"start":{"line":35,"column":0},"end":{"line":35,"column":3}},"35":{"start":{"line":36,"column":0},"end":{"line":36,"column":0}},"36":{"start":{"line":37,"column":0},"end":{"line":37,"column":29}},"37":{"start":{"line":38,"column":0},"end":{"line":38,"column":61}},"38":{"start":{"line":39,"column":0},"end":{"line":39,"column":64}},"39":{"start":{"line":40,"column":0},"end":{"line":40,"column":4}},"40":{"start":{"line":41,"column":0},"end":{"line":41,"column":0}},"41":{"start":{"line":42,"column":0},"end":{"line":42,"column":10}},"42":{"start":{"line":43,"column":0},"end":{"line":43,"column":8}},"43":{"start":{"line":44,"column":0},"end":{"line":44,"column":31}},"44":{"start":{"line":45,"column":0},"end":{"line":45,"column":33}},"45":{"start":{"line":46,"column":0},"end":{"line":46,"column":5}},"46":{"start":{"line":47,"column":0},"end":{"line":47,"column":36}},"47":{"start":{"line":48,"column":0},"end":{"line":48,"column":19}},"48":{"start":{"line":49,"column":0},"end":{"line":49,"column":11}},"49":{"start":{"line":50,"column":0},"end":{"line":50,"column":10}},"50":{"start":{"line":51,"column":0},"end":{"line":51,"column":17}},"51":{"start":{"line":52,"column":0},"end":{"line":52,"column":57}},"52":{"start":{"line":53,"column":0},"end":{"line":53,"column":45}},"53":{"start":{"line":54,"column":0},"end":{"line":54,"column":33}},"54":{"start":{"line":55,"column":0},"end":{"line":55,"column":20}},"55":{"start":{"line":56,"column":0},"end":{"line":56,"column":30}},"56":{"start":{"line":57,"column":0},"end":{"line":57,"column":14}},"57":{"start":{"line":58,"column":0},"end":{"line":58,"column":32}},"58":{"start":{"line":59,"column":0},"end":{"line":59,"column":27}},"59":{"start":{"line":60,"column":0},"end":{"line":60,"column":12}},"60":{"start":{"line":61,"column":0},"end":{"line":61,"column":33}},"61":{"start":{"line":62,"column":0},"end":{"line":62,"column":35}},"62":{"start":{"line":63,"column":0},"end":{"line":63,"column":35}},"63":{"start":{"line":64,"column":0},"end":{"line":64,"column":0}},"64":{"start":{"line":65,"column":0},"end":{"line":65,"column":14}},"65":{"start":{"line":66,"column":0},"end":{"line":66,"column":33}},"66":{"start":{"line":67,"column":0},"end":{"line":67,"column":16}},"67":{"start":{"line":68,"column":0},"end":{"line":68,"column":86}},"68":{"start":{"line":69,"column":0},"end":{"line":69,"column":17}},"69":{"start":{"line":70,"column":0},"end":{"line":70,"column":16}},"70":{"start":{"line":71,"column":0},"end":{"line":71,"column":84}},"71":{"start":{"line":72,"column":0},"end":{"line":72,"column":17}},"72":{"start":{"line":73,"column":0},"end":{"line":73,"column":16}},"73":{"start":{"line":74,"column":0},"end":{"line":74,"column":52}},"74":{"start":{"line":75,"column":0},"end":{"line":75,"column":17}},"75":{"start":{"line":76,"column":0},"end":{"line":76,"column":15}},"76":{"start":{"line":77,"column":0},"end":{"line":77,"column":13}},"77":{"start":{"line":78,"column":0},"end":{"line":78,"column":51}},"78":{"start":{"line":79,"column":0},"end":{"line":79,"column":14}},"79":{"start":{"line":80,"column":0},"end":{"line":80,"column":13}},"80":{"start":{"line":81,"column":0},"end":{"line":81,"column":56}},"81":{"start":{"line":82,"column":0},"end":{"line":82,"column":14}},"82":{"start":{"line":83,"column":0},"end":{"line":83,"column":11}},"83":{"start":{"line":84,"column":0},"end":{"line":84,"column":8}},"84":{"start":{"line":85,"column":0},"end":{"line":85,"column":10}},"85":{"start":{"line":86,"column":0},"end":{"line":86,"column":4}},"86":{"start":{"line":87,"column":0},"end":{"line":87,"column":1}},"87":{"start":{"line":88,"column":0},"end":{"line":88,"column":0}},"88":{"start":{"line":89,"column":0},"end":{"line":89,"column":32}}},"s":{"0":1,"1":1,"2":1,"3":1,"4":1,"5":1,"6":1,"7":1,"8":1,"9":1,"10":1,"11":1,"12":1,"13":1,"14":1,"15":1,"16":1,"17":1,"18":1,"19":1,"20":1,"21":1,"22":1,"23":1,"24":1,"25":1,"26":5,"27":5,"28":5,"29":5,"30":5,"31":5,"32":5,"33":1,"34":1,"35":4,"36":4,"37":1,"38":1,"39":1,"40":4,"41":4,"42":4,"43":4,"44":4,"45":4,"46":4,"47":1,"48":3,"49":3,"50":3,"51":3,"52":3,"53":3,"54":3,"55":3,"56":3,"57":3,"58":3,"59":3,"60":3,"61":3,"62":3,"63":3,"64":3,"65":3,"66":3,"67":3,"68":3,"69":3,"70":3,"71":3,"72":3,"73":3,"74":3,"75":3,"76":3,"77":3,"78":3,"79":3,"80":3,"81":3,"82":3,"83":5,"84":5,"85":5,"86":5,"87":1,"88":1},"branchMap":{"0":{"type":"branch","line":27,"loc":{"start":{"line":27,"column":0},"end":{"line":87,"column":1}},"locations":[{"start":{"line":27,"column":0},"end":{"line":87,"column":1}}]},"1":{"type":"branch","line":33,"loc":{"start":{"line":33,"column":13},"end":{"line":35,"column":3}},"locations":[{"start":{"line":33,"column":13},"end":{"line":35,"column":3}}]},"2":{"type":"branch","line":35,"loc":{"start":{"line":35,"column":2},"end":{"line":47,"column":36}},"locations":[{"start":{"line":35,"column":2},"end":{"line":47,"column":36}}]},"3":{"type":"branch","line":47,"loc":{"start":{"line":47,"column":16},"end":{"line":48,"column":19}},"locations":[{"start":{"line":47,"column":16},"end":{"line":48,"column":19}}]},"4":{"type":"branch","line":48,"loc":{"start":{"line":48,"column":17},"end":{"line":83,"column":11}},"locations":[{"start":{"line":48,"column":17},"end":{"line":83,"column":11}}]},"5":{"type":"branch","line":37,"loc":{"start":{"line":37,"column":22},"end":{"line":40,"column":4}},"locations":[{"start":{"line":37,"column":22},"end":{"line":40,"column":4}}]},"6":{"type":"branch","line":68,"loc":{"start":{"line":68,"column":54},"end":{"line":68,"column":73}},"locations":[{"start":{"line":68,"column":54},"end":{"line":68,"column":73}}]},"7":{"type":"branch","line":71,"loc":{"start":{"line":71,"column":54},"end":{"line":71,"column":71}},"locations":[{"start":{"line":71,"column":54},"end":{"line":71,"column":71}}]}},"b":{"0":[5],"1":[1],"2":[4],"3":[1],"4":[3],"5":[1],"6":[12],"7":[3]},"fnMap":{"0":{"name":"DetailedBeerItem","decl":{"start":{"line":27,"column":0},"end":{"line":87,"column":1}},"loc":{"start":{"line":27,"column":0},"end":{"line":87,"column":1}},"line":27},"1":{"name":"handleClick","decl":{"start":{"line":37,"column":22},"end":{"line":40,"column":4}},"loc":{"start":{"line":37,"column":22},"end":{"line":40,"column":4}},"line":37}},"f":{"0":5,"1":1}}
,"C:\\Users\\rany\\Desktop\\RSreact\\src\\components\\pages\\main-page\\footer\\footer.tsx": {"path":"C:\\Users\\rany\\Desktop\\RSreact\\src\\components\\pages\\main-page\\footer\\footer.tsx","all":false,"statementMap":{"0":{"start":{"line":1,"column":0},"end":{"line":1,"column":40}},"1":{"start":{"line":2,"column":0},"end":{"line":2,"column":22}},"2":{"start":{"line":3,"column":0},"end":{"line":3,"column":0}},"3":{"start":{"line":4,"column":0},"end":{"line":4,"column":22}},"4":{"start":{"line":5,"column":0},"end":{"line":5,"column":10}},"5":{"start":{"line":6,"column":0},"end":{"line":6,"column":31}},"6":{"start":{"line":7,"column":0},"end":{"line":7,"column":11}},"7":{"start":{"line":8,"column":0},"end":{"line":8,"column":16}},"8":{"start":{"line":9,"column":0},"end":{"line":9,"column":31}},"9":{"start":{"line":10,"column":0},"end":{"line":10,"column":7}},"10":{"start":{"line":11,"column":0},"end":{"line":11,"column":33}},"11":{"start":{"line":12,"column":0},"end":{"line":12,"column":13}},"12":{"start":{"line":13,"column":0},"end":{"line":13,"column":36}},"13":{"start":{"line":14,"column":0},"end":{"line":14,"column":37}},"14":{"start":{"line":15,"column":0},"end":{"line":15,"column":39}},"15":{"start":{"line":16,"column":0},"end":{"line":16,"column":44}},"16":{"start":{"line":17,"column":0},"end":{"line":17,"column":18}},"17":{"start":{"line":18,"column":0},"end":{"line":18,"column":14}},"18":{"start":{"line":19,"column":0},"end":{"line":19,"column":13}},"19":{"start":{"line":20,"column":0},"end":{"line":20,"column":37}},"20":{"start":{"line":21,"column":0},"end":{"line":21,"column":33}},"21":{"start":{"line":22,"column":0},"end":{"line":22,"column":46}},"22":{"start":{"line":23,"column":0},"end":{"line":23,"column":20}},"23":{"start":{"line":24,"column":0},"end":{"line":24,"column":14}},"24":{"start":{"line":25,"column":0},"end":{"line":25,"column":13}},"25":{"start":{"line":26,"column":0},"end":{"line":26,"column":37}},"26":{"start":{"line":27,"column":0},"end":{"line":27,"column":47}},"27":{"start":{"line":28,"column":0},"end":{"line":28,"column":46}},"28":{"start":{"line":29,"column":0},"end":{"line":29,"column":17}},"29":{"start":{"line":30,"column":0},"end":{"line":30,"column":14}},"30":{"start":{"line":31,"column":0},"end":{"line":31,"column":13}},"31":{"start":{"line":32,"column":0},"end":{"line":32,"column":37}},"32":{"start":{"line":33,"column":0},"end":{"line":33,"column":41}},"33":{"start":{"line":34,"column":0},"end":{"line":34,"column":46}},"34":{"start":{"line":35,"column":0},"end":{"line":35,"column":20}},"35":{"start":{"line":36,"column":0},"end":{"line":36,"column":14}},"36":{"start":{"line":37,"column":0},"end":{"line":37,"column":13}},"37":{"start":{"line":38,"column":0},"end":{"line":38,"column":11}},"38":{"start":{"line":39,"column":0},"end":{"line":39,"column":46}},"39":{"start":{"line":40,"column":0},"end":{"line":40,"column":13}},"40":{"start":{"line":41,"column":0},"end":{"line":41,"column":4}},"41":{"start":{"line":42,"column":0},"end":{"line":42,"column":2}},"42":{"start":{"line":43,"column":0},"end":{"line":43,"column":0}},"43":{"start":{"line":44,"column":0},"end":{"line":44,"column":22}}},"s":{"0":1,"1":1,"2":1,"3":1,"4":1,"5":1,"6":1,"7":1,"8":1,"9":1,"10":1,"11":1,"12":1,"13":1,"14":1,"15":1,"16":1,"17":1,"18":1,"19":1,"20":1,"21":1,"22":1,"23":1,"24":1,"25":1,"26":1,"27":1,"28":1,"29":1,"30":1,"31":1,"32":1,"33":1,"34":1,"35":1,"36":1,"37":1,"38":1,"39":1,"40":1,"41":1,"42":1,"43":1},"branchMap":{"0":{"type":"branch","line":4,"loc":{"start":{"line":4,"column":15},"end":{"line":42,"column":2}},"locations":[{"start":{"line":4,"column":15},"end":{"line":42,"column":2}}]}},"b":{"0":[1]},"fnMap":{"0":{"name":"Footer","decl":{"start":{"line":4,"column":15},"end":{"line":42,"column":2}},"loc":{"start":{"line":4,"column":15},"end":{"line":42,"column":2}},"line":4}},"f":{"0":1}}
,"C:\\Users\\rany\\Desktop\\RSreact\\src\\components\\pages\\main-page\\pagination-section\\pagination-section.tsx": {"path":"C:\\Users\\rany\\Desktop\\RSreact\\src\\components\\pages\\main-page\\pagination-section\\pagination-section.tsx","all":false,"statementMap":{"0":{"start":{"line":1,"column":0},"end":{"line":1,"column":26}},"1":{"start":{"line":2,"column":0},"end":{"line":2,"column":79}},"2":{"start":{"line":3,"column":0},"end":{"line":3,"column":26}},"3":{"start":{"line":4,"column":0},"end":{"line":4,"column":0}},"4":{"start":{"line":5,"column":0},"end":{"line":5,"column":43}},"5":{"start":{"line":6,"column":0},"end":{"line":6,"column":53}},"6":{"start":{"line":7,"column":0},"end":{"line":7,"column":0}},"7":{"start":{"line":8,"column":0},"end":{"line":8,"column":10}},"8":{"start":{"line":9,"column":0},"end":{"line":9,"column":40}},"9":{"start":{"line":10,"column":0},"end":{"line":10,"column":13}},"10":{"start":{"line":11,"column":0},"end":{"line":11,"column":45}},"11":{"start":{"line":12,"column":0},"end":{"line":12,"column":42}},"12":{"start":{"line":13,"column":0},"end":{"line":13,"column":7}},"13":{"start":{"line":14,"column":0},"end":{"line":14,"column":17}},"14":{"start":{"line":15,"column":0},"end":{"line":15,"column":15}},"15":{"start":{"line":16,"column":0},"end":{"line":16,"column":12}},"16":{"start":{"line":17,"column":0},"end":{"line":17,"column":36}},"17":{"start":{"line":18,"column":0},"end":{"line":18,"column":13}},"18":{"start":{"line":19,"column":0},"end":{"line":19,"column":13}},"19":{"start":{"line":20,"column":0},"end":{"line":20,"column":41}},"20":{"start":{"line":21,"column":0},"end":{"line":21,"column":48}},"21":{"start":{"line":22,"column":0},"end":{"line":22,"column":7}},"22":{"start":{"line":23,"column":0},"end":{"line":23,"column":17}},"23":{"start":{"line":24,"column":0},"end":{"line":24,"column":15}},"24":{"start":{"line":25,"column":0},"end":{"line":25,"column":10}},"25":{"start":{"line":26,"column":0},"end":{"line":26,"column":4}},"26":{"start":{"line":27,"column":0},"end":{"line":27,"column":2}},"27":{"start":{"line":28,"column":0},"end":{"line":28,"column":0}},"28":{"start":{"line":29,"column":0},"end":{"line":29,"column":33}}},"s":{"0":1,"1":1,"2":1,"3":1,"4":1,"5":2,"6":2,"7":2,"8":2,"9":2,"10":2,"11":2,"12":2,"13":2,"14":2,"15":2,"16":2,"17":2,"18":2,"19":2,"20":2,"21":2,"22":2,"23":2,"24":2,"25":2,"26":2,"27":1,"28":1},"branchMap":{"0":{"type":"branch","line":5,"loc":{"start":{"line":5,"column":36},"end":{"line":27,"column":2}},"locations":[{"start":{"line":5,"column":36},"end":{"line":27,"column":2}}]}},"b":{"0":[2]},"fnMap":{"0":{"name":"PaginationSection","decl":{"start":{"line":5,"column":36},"end":{"line":27,"column":2}},"loc":{"start":{"line":5,"column":36},"end":{"line":27,"column":2}},"line":5}},"f":{"0":2}}
,"C:\\Users\\rany\\Desktop\\RSreact\\src\\components\\pages\\main-page\\result-section\\result-section.tsx": {"path":"C:\\Users\\rany\\Desktop\\RSreact\\src\\components\\pages\\main-page\\result-section\\result-section.tsx","all":false,"statementMap":{"0":{"start":{"line":1,"column":0},"end":{"line":1,"column":26}},"1":{"start":{"line":2,"column":0},"end":{"line":2,"column":69}},"2":{"start":{"line":3,"column":0},"end":{"line":3,"column":31}},"3":{"start":{"line":4,"column":0},"end":{"line":4,"column":79}},"4":{"start":{"line":5,"column":0},"end":{"line":5,"column":52}},"5":{"start":{"line":6,"column":0},"end":{"line":6,"column":0}},"6":{"start":{"line":7,"column":0},"end":{"line":7,"column":23}},"7":{"start":{"line":8,"column":0},"end":{"line":8,"column":13}},"8":{"start":{"line":9,"column":0},"end":{"line":9,"column":15}},"9":{"start":{"line":10,"column":0},"end":{"line":10,"column":18}},"10":{"start":{"line":11,"column":0},"end":{"line":11,"column":22}},"11":{"start":{"line":12,"column":0},"end":{"line":12,"column":14}},"12":{"start":{"line":13,"column":0},"end":{"line":13,"column":20}},"13":{"start":{"line":14,"column":0},"end":{"line":14,"column":1}},"14":{"start":{"line":15,"column":0},"end":{"line":15,"column":0}},"15":{"start":{"line":16,"column":0},"end":{"line":16,"column":40}},"16":{"start":{"line":17,"column":0},"end":{"line":17,"column":33}},"17":{"start":{"line":18,"column":0},"end":{"line":18,"column":33}},"18":{"start":{"line":19,"column":0},"end":{"line":19,"column":53}},"19":{"start":{"line":20,"column":0},"end":{"line":20,"column":59}},"20":{"start":{"line":21,"column":0},"end":{"line":21,"column":66}},"21":{"start":{"line":22,"column":0},"end":{"line":22,"column":0}},"22":{"start":{"line":23,"column":0},"end":{"line":23,"column":43}},"23":{"start":{"line":24,"column":0},"end":{"line":24,"column":51}},"24":{"start":{"line":25,"column":0},"end":{"line":25,"column":4}},"25":{"start":{"line":26,"column":0},"end":{"line":26,"column":38}},"26":{"start":{"line":27,"column":0},"end":{"line":27,"column":15}},"27":{"start":{"line":28,"column":0},"end":{"line":28,"column":7}},"28":{"start":{"line":29,"column":0},"end":{"line":29,"column":30}},"29":{"start":{"line":30,"column":0},"end":{"line":30,"column":46}},"30":{"start":{"line":31,"column":0},"end":{"line":31,"column":16}},"31":{"start":{"line":32,"column":0},"end":{"line":32,"column":47}},"32":{"start":{"line":33,"column":0},"end":{"line":33,"column":15}},"33":{"start":{"line":34,"column":0},"end":{"line":34,"column":43}},"34":{"start":{"line":35,"column":0},"end":{"line":35,"column":43}},"35":{"start":{"line":36,"column":0},"end":{"line":36,"column":12}},"36":{"start":{"line":37,"column":0},"end":{"line":37,"column":23}},"37":{"start":{"line":38,"column":0},"end":{"line":38,"column":9}},"38":{"start":{"line":39,"column":0},"end":{"line":39,"column":13}},"39":{"start":{"line":40,"column":0},"end":{"line":40,"column":33}},"40":{"start":{"line":41,"column":0},"end":{"line":41,"column":35}},"41":{"start":{"line":42,"column":0},"end":{"line":42,"column":11}},"42":{"start":{"line":43,"column":0},"end":{"line":43,"column":16}},"43":{"start":{"line":44,"column":0},"end":{"line":44,"column":34}},"44":{"start":{"line":45,"column":0},"end":{"line":45,"column":29}},"45":{"start":{"line":46,"column":0},"end":{"line":46,"column":14}},"46":{"start":{"line":47,"column":0},"end":{"line":47,"column":17}},"47":{"start":{"line":48,"column":0},"end":{"line":48,"column":34}},"48":{"start":{"line":49,"column":0},"end":{"line":49,"column":37}},"49":{"start":{"line":50,"column":0},"end":{"line":50,"column":39}},"50":{"start":{"line":51,"column":0},"end":{"line":51,"column":42}},"51":{"start":{"line":52,"column":0},"end":{"line":52,"column":18}},"52":{"start":{"line":53,"column":0},"end":{"line":53,"column":15}},"53":{"start":{"line":54,"column":0},"end":{"line":54,"column":18}},"54":{"start":{"line":55,"column":0},"end":{"line":55,"column":9}},"55":{"start":{"line":56,"column":0},"end":{"line":56,"column":9}},"56":{"start":{"line":57,"column":0},"end":{"line":57,"column":4}},"57":{"start":{"line":58,"column":0},"end":{"line":58,"column":2}},"58":{"start":{"line":59,"column":0},"end":{"line":59,"column":30}}},"s":{"0":1,"1":1,"2":1,"3":1,"4":1,"5":1,"6":1,"7":1,"8":1,"9":1,"10":1,"11":1,"12":1,"13":1,"14":1,"15":1,"16":1,"17":1,"18":1,"19":1,"20":1,"21":1,"22":1,"23":0,"24":0,"25":1,"26":0,"27":1,"28":1,"29":1,"30":3,"31":3,"32":3,"33":3,"34":3,"35":3,"36":3,"37":3,"38":3,"39":3,"40":3,"41":3,"42":3,"43":3,"44":3,"45":3,"46":3,"47":3,"48":3,"49":3,"50":3,"51":3,"52":3,"53":3,"54":1,"55":1,"56":1,"57":1,"58":1},"branchMap":{"0":{"type":"branch","line":16,"loc":{"start":{"line":16,"column":33},"end":{"line":58,"column":2}},"locations":[{"start":{"line":16,"column":33},"end":{"line":58,"column":2}}]},"1":{"type":"branch","line":26,"loc":{"start":{"line":26,"column":18},"end":{"line":27,"column":15}},"locations":[{"start":{"line":26,"column":18},"end":{"line":27,"column":15}}]},"2":{"type":"branch","line":30,"loc":{"start":{"line":30,"column":35},"end":{"line":54,"column":18}},"locations":[{"start":{"line":30,"column":35},"end":{"line":54,"column":18}}]}},"b":{"0":[1],"1":[0],"2":[3]},"fnMap":{"0":{"name":"ResultsSection","decl":{"start":{"line":16,"column":33},"end":{"line":58,"column":2}},"loc":{"start":{"line":16,"column":33},"end":{"line":58,"column":2}},"line":16},"1":{"name":"handleBeerClick","decl":{"start":{"line":23,"column":26},"end":{"line":25,"column":4}},"loc":{"start":{"line":23,"column":26},"end":{"line":25,"column":4}},"line":23},"2":{"name":"onClick","decl":{"start":{"line":32,"column":19},"end":{"line":32,"column":47}},"loc":{"start":{"line":32,"column":19},"end":{"line":32,"column":47}},"line":32}},"f":{"0":1,"1":0,"2":0}}
,"C:\\Users\\rany\\Desktop\\RSreact\\src\\components\\pages\\main-page\\search-section\\search-section.tsx": {"path":"C:\\Users\\rany\\Desktop\\RSreact\\src\\components\\pages\\main-page\\search-section\\search-section.tsx","all":false,"statementMap":{"0":{"start":{"line":1,"column":0},"end":{"line":1,"column":41}},"1":{"start":{"line":2,"column":0},"end":{"line":2,"column":31}},"2":{"start":{"line":3,"column":0},"end":{"line":3,"column":79}},"3":{"start":{"line":4,"column":0},"end":{"line":4,"column":0}},"4":{"start":{"line":5,"column":0},"end":{"line":5,"column":39}},"5":{"start":{"line":6,"column":0},"end":{"line":6,"column":37}},"6":{"start":{"line":7,"column":0},"end":{"line":7,"column":65}},"7":{"start":{"line":8,"column":0},"end":{"line":8,"column":53}},"8":{"start":{"line":9,"column":0},"end":{"line":9,"column":0}},"9":{"start":{"line":10,"column":0},"end":{"line":10,"column":19}},"10":{"start":{"line":11,"column":0},"end":{"line":11,"column":39}},"11":{"start":{"line":12,"column":0},"end":{"line":12,"column":28}},"12":{"start":{"line":13,"column":0},"end":{"line":13,"column":0}},"13":{"start":{"line":14,"column":0},"end":{"line":14,"column":10}},"14":{"start":{"line":15,"column":0},"end":{"line":15,"column":55}},"15":{"start":{"line":16,"column":0},"end":{"line":16,"column":13}},"16":{"start":{"line":17,"column":0},"end":{"line":17,"column":35}},"17":{"start":{"line":18,"column":0},"end":{"line":18,"column":53}},"18":{"start":{"line":19,"column":0},"end":{"line":19,"column":24}},"19":{"start":{"line":20,"column":0},"end":{"line":20,"column":44}},"20":{"start":{"line":21,"column":0},"end":{"line":21,"column":10}},"21":{"start":{"line":22,"column":0},"end":{"line":22,"column":16}},"22":{"start":{"line":23,"column":0},"end":{"line":23,"column":12}},"23":{"start":{"line":24,"column":0},"end":{"line":24,"column":34}},"24":{"start":{"line":25,"column":0},"end":{"line":25,"column":25}},"25":{"start":{"line":26,"column":0},"end":{"line":26,"column":19}},"26":{"start":{"line":27,"column":0},"end":{"line":27,"column":26}},"27":{"start":{"line":28,"column":0},"end":{"line":28,"column":31}},"28":{"start":{"line":29,"column":0},"end":{"line":29,"column":63}},"29":{"start":{"line":30,"column":0},"end":{"line":30,"column":40}},"30":{"start":{"line":31,"column":0},"end":{"line":31,"column":10}},"31":{"start":{"line":32,"column":0},"end":{"line":32,"column":8}},"32":{"start":{"line":33,"column":0},"end":{"line":33,"column":11}},"33":{"start":{"line":34,"column":0},"end":{"line":34,"column":61}},"34":{"start":{"line":35,"column":0},"end":{"line":35,"column":15}},"35":{"start":{"line":36,"column":0},"end":{"line":36,"column":27}},"36":{"start":{"line":37,"column":0},"end":{"line":37,"column":38}},"37":{"start":{"line":38,"column":0},"end":{"line":38,"column":66}},"38":{"start":{"line":39,"column":0},"end":{"line":39,"column":49}},"39":{"start":{"line":40,"column":0},"end":{"line":40,"column":12}},"40":{"start":{"line":41,"column":0},"end":{"line":41,"column":9}},"41":{"start":{"line":42,"column":0},"end":{"line":42,"column":38}},"42":{"start":{"line":43,"column":0},"end":{"line":43,"column":40}},"43":{"start":{"line":44,"column":0},"end":{"line":44,"column":40}},"44":{"start":{"line":45,"column":0},"end":{"line":45,"column":40}},"45":{"start":{"line":46,"column":0},"end":{"line":46,"column":40}},"46":{"start":{"line":47,"column":0},"end":{"line":47,"column":17}},"47":{"start":{"line":48,"column":0},"end":{"line":48,"column":12}},"48":{"start":{"line":49,"column":0},"end":{"line":49,"column":10}},"49":{"start":{"line":50,"column":0},"end":{"line":50,"column":4}},"50":{"start":{"line":51,"column":0},"end":{"line":51,"column":2}},"51":{"start":{"line":52,"column":0},"end":{"line":52,"column":0}},"52":{"start":{"line":53,"column":0},"end":{"line":53,"column":29}}},"s":{"0":1,"1":1,"2":1,"3":1,"4":1,"5":3,"6":3,"7":3,"8":3,"9":3,"10":2,"11":3,"12":3,"13":3,"14":3,"15":3,"16":3,"17":3,"18":3,"19":1,"20":1,"21":3,"22":3,"23":3,"24":3,"25":3,"26":3,"27":3,"28":3,"29":0,"30":0,"31":3,"32":3,"33":3,"34":3,"35":3,"36":3,"37":3,"38":0,"39":0,"40":3,"41":3,"42":3,"43":3,"44":3,"45":3,"46":3,"47":3,"48":3,"49":3,"50":3,"51":1,"52":1},"branchMap":{"0":{"type":"branch","line":5,"loc":{"start":{"line":5,"column":32},"end":{"line":51,"column":2}},"locations":[{"start":{"line":5,"column":32},"end":{"line":51,"column":2}}]},"1":{"type":"branch","line":10,"loc":{"start":{"line":10,"column":12},"end":{"line":12,"column":5}},"locations":[{"start":{"line":10,"column":12},"end":{"line":12,"column":5}}]},"2":{"type":"branch","line":19,"loc":{"start":{"line":19,"column":17},"end":{"line":21,"column":10}},"locations":[{"start":{"line":19,"column":17},"end":{"line":21,"column":10}}]}},"b":{"0":[3],"1":[2],"2":[1]},"fnMap":{"0":{"name":"SearchSection","decl":{"start":{"line":5,"column":32},"end":{"line":51,"column":2}},"loc":{"start":{"line":5,"column":32},"end":{"line":51,"column":2}},"line":5},"1":{"name":"onClick","decl":{"start":{"line":19,"column":17},"end":{"line":21,"column":10}},"loc":{"start":{"line":19,"column":17},"end":{"line":21,"column":10}},"line":19},"2":{"name":"onChange","decl":{"start":{"line":29,"column":18},"end":{"line":31,"column":10}},"loc":{"start":{"line":29,"column":18},"end":{"line":31,"column":10}},"line":29},"3":{"name":"onChange","decl":{"start":{"line":38,"column":20},"end":{"line":40,"column":12}},"loc":{"start":{"line":38,"column":20},"end":{"line":40,"column":12}},"line":38}},"f":{"0":3,"1":1,"2":0,"3":0}}
,"C:\\Users\\rany\\Desktop\\RSreact\\src\\components\\pages\\page-not-found\\page-not-found.tsx": {"path":"C:\\Users\\rany\\Desktop\\RSreact\\src\\components\\pages\\page-not-found\\page-not-found.tsx","all":false,"statementMap":{"0":{"start":{"line":1,"column":0},"end":{"line":1,"column":26}},"1":{"start":{"line":2,"column":0},"end":{"line":2,"column":40}},"2":{"start":{"line":3,"column":0},"end":{"line":3,"column":30}},"3":{"start":{"line":4,"column":0},"end":{"line":4,"column":25}},"4":{"start":{"line":5,"column":0},"end":{"line":5,"column":10}},"5":{"start":{"line":6,"column":0},"end":{"line":6,"column":8}},"6":{"start":{"line":7,"column":0},"end":{"line":7,"column":32}},"7":{"start":{"line":8,"column":0},"end":{"line":8,"column":34}},"8":{"start":{"line":9,"column":0},"end":{"line":9,"column":5}},"9":{"start":{"line":10,"column":0},"end":{"line":10,"column":29}},"10":{"start":{"line":11,"column":0},"end":{"line":11,"column":11}},"11":{"start":{"line":12,"column":0},"end":{"line":12,"column":16}},"12":{"start":{"line":13,"column":0},"end":{"line":13,"column":42}},"13":{"start":{"line":14,"column":0},"end":{"line":14,"column":32}},"14":{"start":{"line":15,"column":0},"end":{"line":15,"column":7}},"15":{"start":{"line":16,"column":0},"end":{"line":16,"column":36}},"16":{"start":{"line":17,"column":0},"end":{"line":17,"column":13}},"17":{"start":{"line":18,"column":0},"end":{"line":18,"column":10}},"18":{"start":{"line":19,"column":0},"end":{"line":19,"column":4}},"19":{"start":{"line":20,"column":0},"end":{"line":20,"column":1}},"20":{"start":{"line":21,"column":0},"end":{"line":21,"column":0}},"21":{"start":{"line":22,"column":0},"end":{"line":22,"column":28}}},"s":{"0":1,"1":1,"2":1,"3":1,"4":1,"5":1,"6":1,"7":1,"8":1,"9":1,"10":1,"11":1,"12":1,"13":1,"14":1,"15":1,"16":1,"17":1,"18":1,"19":1,"20":1,"21":1},"branchMap":{"0":{"type":"branch","line":4,"loc":{"start":{"line":4,"column":0},"end":{"line":20,"column":1}},"locations":[{"start":{"line":4,"column":0},"end":{"line":20,"column":1}}]}},"b":{"0":[1]},"fnMap":{"0":{"name":"PageNotFound","decl":{"start":{"line":4,"column":0},"end":{"line":20,"column":1}},"loc":{"start":{"line":4,"column":0},"end":{"line":20,"column":1}},"line":4}},"f":{"0":1}}
}
